<?xml version="1.0" encoding="UTF-8"?>
<!-- Generated by org.testng.reporters.JUnitReportReporter -->
<testsuite skipped="0" hostname="Pkt-D15" name="MavenProject.fgh.asd" tests="4" failures="0" timestamp="28 Sep 2017 08:58:39 GMT" time="1.055" errors="0">
  <testcase name="test4" time="0.000" classname="MavenProject.fgh.asd"/>
  <testcase name="test1" time="0.375" classname="MavenProject.fgh.asd"/>
  <testcase name="test2" time="0.680" classname="MavenProject.fgh.asd"/>
  <testcase name="test3" time="0.000" classname="MavenProject.fgh.asd"/>
</testsuite> <!-- MavenProject.fgh.asd -->
