<?xml version="1.0" encoding="UTF-8"?>
<!-- Generated by org.testng.reporters.JUnitReportReporter -->
<testsuite skipped="0" hostname="Pkt-D15" name="MavenProject.fgh.asd" tests="4" failures="0" timestamp="03 Oct 2017 11:15:34 GMT" time="1.042" errors="0">
  <testcase name="test4" time="0.016" classname="MavenProject.fgh.asd"/>
  <testcase name="test3" time="0.000" classname="MavenProject.fgh.asd"/>
  <testcase name="test2" time="0.665" classname="MavenProject.fgh.asd"/>
  <testcase name="test1" time="0.361" classname="MavenProject.fgh.asd"/>
</testsuite> <!-- MavenProject.fgh.asd -->
