<?xml version="1.0" encoding="UTF-8"?>
<!-- Generated by org.testng.reporters.JUnitReportReporter -->
<testsuite skipped="0" hostname="Pkt-D15" name="MavenProject.fgh.asd" tests="4" failures="0" timestamp="28 Sep 2017 10:24:48 GMT" time="1.470" errors="0">
  <testcase name="test4" time="0.000" classname="MavenProject.fgh.asd"/>
  <testcase name="test2" time="1.069" classname="MavenProject.fgh.asd"/>
  <testcase name="test1" time="0.400" classname="MavenProject.fgh.asd"/>
  <testcase name="test3" time="0.001" classname="MavenProject.fgh.asd"/>
</testsuite> <!-- MavenProject.fgh.asd -->
